2020-01-22 14:56:12 -  - exec CUpdateClientPartner::SearchModulesEx
2020-01-22 14:56:12 -  - exec CUpdateClientPartner::__CollectRequestData
2020-01-22 14:56:12 -  - utf=Y&lang=ru&stable=Y&CANGZIP=Y&SUPD_DBS=MYSQL&XE=N&CLIENT_SITE=51.161.13.120&LICENSE_KEY=X&SUPD_STS=1&SUPD_URS=0&SUPD_URSA=1&TYPENC=D&CLIENT_PHPVER=7.2.19&NGINX=Y&dbv=8.0.19&instm=main%2C20.0.0%2CY%3Bb24connector%2C18.5.0%2CN%3Bbitrix.sitecorporate%2C15.5.0%2CN%3Bbitrixcloud%2C18.5.0%2CN%3Bclouds%2C19.0.0%2CN%3Bcompression%2C19.0.0%2CN%3Bfileman%2C18.5.500%2CN%3Bhighloadblock%2C19.0.0%2CN%3Biblock%2C18.6.1000%2CN%3Blanding%2C19.0.175%2CN%3Bmessageservice%2C19.0.0%2CN%3Bperfmon%2C18.5.0%2CN%3Brest%2C18.5.162%2CN%3Bsearch%2C18.5.200%2CN%3Bseo%2C19.0.800%2CN%3Bsocialservices%2C19.0.0%2CN%3Btranslate%2C18.0.100%2CN%3Bui%2C19.0.400%2CN&search_module_id=&search_module=&search_category=7%2C14&search_type=&search_order=DESC&search_order_by=SORT&search_page=1&SUPD_SRS=RU&SUPD_CMP=N
2020-01-22 14:56:12 -  - exec CUpdateClientPartner::GetHTTPPage
2020-01-22 14:56:13 -  - TIME SearchModulesEx(request) 1.32 sec
2020-01-22 14:56:13 -  - exec CUpdateClientPartner::ParseServerData
2020-01-22 14:58:27 -  - exec CUpdateClientPartner::__CollectRequestData
2020-01-22 14:58:27 -  - exec CUpdateClientPartner::GetHTTPPage
2020-01-22 14:58:28 -  - exec CUpdateClientPartner::ParseServerData
2020-01-22 14:58:28 -  - exec CUpdateClientPartner::GetUpdatesList
2020-01-22 14:58:28 -  - exec CUpdateClientPartner::__CollectRequestData
2020-01-22 14:58:28 -  - utf=Y&lang=ru&stable=Y&CANGZIP=Y&SUPD_DBS=MYSQL&XE=N&CLIENT_SITE=51.161.13.120&LICENSE_KEY=X&SUPD_STS=1&SUPD_URS=0&SUPD_URSA=1&TYPENC=D&CLIENT_PHPVER=7.2.19&NGINX=Y&dbv=8.0.19&instm=main%2C20.0.0%2CY%3Bb24connector%2C18.5.0%2CN%3Bbitrix.sitecorporate%2C15.5.0%2CN%3Bbitrixcloud%2C18.5.0%2CN%3Bclouds%2C19.0.0%2CN%3Bcompression%2C19.0.0%2CN%3Bfileman%2C18.5.500%2CN%3Bhighloadblock%2C19.0.0%2CN%3Biblock%2C18.6.1000%2CN%3Blanding%2C19.0.175%2CN%3Bmessageservice%2C19.0.0%2CN%3Bperfmon%2C18.5.0%2CN%3Brest%2C18.5.162%2CN%3Bsearch%2C18.5.200%2CN%3Bseo%2C19.0.800%2CN%3Bsocialservices%2C19.0.0%2CN%3Btranslate%2C18.0.100%2CN%3Bui%2C19.0.400%2CN&reqm=bitrix.sitecorporate&fullmoduleinfo=Y&SUPD_SRS=RU&SUPD_CMP=N
2020-01-22 14:58:28 -  - exec CUpdateClientPartner::GetHTTPPage
2020-01-22 14:58:28 -  - TIME GetUpdatesList(request) 0.264 sec
2020-01-22 14:58:28 -  - exec CUpdateClientPartner::ParseServerData
2020-01-22 14:58:28 -  - exec CUpdateClientPartner::__CollectRequestData
2020-01-22 14:58:28 -  - exec CUpdateClientPartner::GetHTTPPage
2020-01-22 14:58:28 -  - exec CUpdateClientPartner::ParseServerData
2020-01-23 17:08:32 -  - exec CUpdateClientPartner::__CollectRequestData
2020-01-23 17:08:32 -  - exec CUpdateClientPartner::GetHTTPPage
2020-01-23 17:08:32 -  - exec CUpdateClientPartner::ParseServerData
2020-01-23 17:08:32 -  - exec CUpdateClientPartner::GetUpdatesList
2020-01-23 17:08:32 -  - exec CUpdateClientPartner::__CollectRequestData
2020-01-23 17:08:32 -  - utf=Y&lang=ru&stable=Y&CANGZIP=Y&SUPD_DBS=MYSQL&XE=N&CLIENT_SITE=51.161.13.120&LICENSE_KEY=X&SUPD_STS=1&SUPD_URS=0&SUPD_URSA=1&TYPENC=D&CLIENT_PHPVER=7.2.19&NGINX=Y&dbv=8.0.19&instm=main%2C20.0.0%2CY%3Bb24connector%2C18.5.0%2CN%3Bbitrix.sitecorporate%2C15.5.0%2CN%3Bbitrixcloud%2C18.5.0%2CN%3Bclouds%2C19.0.0%2CN%3Bcompression%2C19.0.0%2CN%3Bfileman%2C18.5.500%2CN%3Bhighloadblock%2C19.0.0%2CN%3Biblock%2C18.6.1000%2CN%3Blanding%2C19.0.175%2CN%3Bmessageservice%2C19.0.0%2CN%3Bperfmon%2C18.5.0%2CN%3Brest%2C18.5.162%2CN%3Bsearch%2C18.5.200%2CN%3Bseo%2C19.0.800%2CN%3Bsocialservices%2C19.0.0%2CN%3Btranslate%2C18.0.100%2CN%3Bui%2C19.0.400%2CN&reqm=bitrix.sitecorporate&fullmoduleinfo=Y&SUPD_SRS=RU&SUPD_CMP=N
2020-01-23 17:08:32 -  - exec CUpdateClientPartner::GetHTTPPage
2020-01-23 17:08:32 -  - TIME GetUpdatesList(request) 0.269 sec
2020-01-23 17:08:32 -  - exec CUpdateClientPartner::ParseServerData
2020-01-23 17:08:32 -  - exec CUpdateClientPartner::__CollectRequestData
2020-01-23 17:08:32 -  - exec CUpdateClientPartner::GetHTTPPage
2020-01-23 17:08:33 -  - exec CUpdateClientPartner::ParseServerData
2020-01-25 13:51:57 -  - exec CUpdateClientPartner::__CollectRequestData
2020-01-25 13:51:57 -  - exec CUpdateClientPartner::GetHTTPPage
2020-01-25 13:51:57 -  - exec CUpdateClientPartner::ParseServerData
2020-01-25 13:51:57 -  - exec CUpdateClientPartner::GetUpdatesList
2020-01-25 13:51:57 -  - exec CUpdateClientPartner::__CollectRequestData
2020-01-25 13:51:57 -  - utf=Y&lang=ru&stable=Y&CANGZIP=Y&SUPD_DBS=MYSQL&XE=N&CLIENT_SITE=51.161.13.120&LICENSE_KEY=X&SUPD_STS=1&SUPD_URS=0&SUPD_URSA=1&TYPENC=D&CLIENT_PHPVER=7.2.19&NGINX=Y&dbv=8.0.19&instm=main%2C20.0.0%2CY%3Bb24connector%2C18.5.0%2CN%3Bbitrix.sitecorporate%2C15.5.0%2CN%3Bbitrixcloud%2C18.5.0%2CN%3Bclouds%2C19.0.0%2CN%3Bcompression%2C19.0.0%2CN%3Bfileman%2C18.5.500%2CN%3Bhighloadblock%2C19.0.0%2CN%3Biblock%2C18.6.1000%2CN%3Blanding%2C19.0.175%2CN%3Bmessageservice%2C19.0.0%2CN%3Bperfmon%2C18.5.0%2CN%3Brest%2C18.5.162%2CN%3Bsearch%2C18.5.200%2CN%3Bseo%2C19.0.800%2CN%3Bsocialservices%2C19.0.0%2CN%3Btranslate%2C18.0.100%2CN%3Bui%2C19.0.400%2CN&reqm=bitrix.sitecorporate&fullmoduleinfo=Y&SUPD_SRS=RU&SUPD_CMP=N
2020-01-25 13:51:57 -  - exec CUpdateClientPartner::GetHTTPPage
2020-01-25 13:51:58 -  - TIME GetUpdatesList(request) 0.279 sec
2020-01-25 13:51:58 -  - exec CUpdateClientPartner::ParseServerData
2020-01-25 13:51:58 -  - exec CUpdateClientPartner::__CollectRequestData
2020-01-25 13:51:58 -  - exec CUpdateClientPartner::GetHTTPPage
2020-01-25 13:51:58 -  - exec CUpdateClientPartner::ParseServerData
2020-01-26 15:00:14 -  - exec CUpdateClientPartner::__CollectRequestData
2020-01-26 15:00:14 -  - exec CUpdateClientPartner::GetHTTPPage
2020-01-26 15:00:14 -  - exec CUpdateClientPartner::ParseServerData
2020-01-26 15:00:14 -  - exec CUpdateClientPartner::GetUpdatesList
2020-01-26 15:00:14 -  - exec CUpdateClientPartner::__CollectRequestData
2020-01-26 15:00:14 -  - utf=Y&lang=ru&stable=Y&CANGZIP=Y&SUPD_DBS=MYSQL&XE=N&CLIENT_SITE=51.161.13.120&LICENSE_KEY=X&SUPD_STS=1&SUPD_URS=0&SUPD_URSA=1&TYPENC=D&CLIENT_PHPVER=7.2.19&NGINX=Y&dbv=8.0.19&instm=main%2C20.0.0%2CY%3Bb24connector%2C18.5.0%2CN%3Bbitrix.sitecorporate%2C15.5.0%2CN%3Bbitrixcloud%2C18.5.0%2CN%3Bclouds%2C19.0.0%2CN%3Bcompression%2C19.0.0%2CN%3Bfileman%2C18.5.500%2CN%3Bhighloadblock%2C19.0.0%2CN%3Biblock%2C18.6.1000%2CN%3Blanding%2C19.0.175%2CN%3Bmessageservice%2C19.0.0%2CN%3Bperfmon%2C18.5.0%2CN%3Brest%2C18.5.162%2CN%3Bsearch%2C18.5.200%2CN%3Bseo%2C19.0.800%2CN%3Bsocialservices%2C19.0.0%2CN%3Btranslate%2C18.0.100%2CN%3Bui%2C19.0.400%2CN&reqm=bitrix.sitecorporate&fullmoduleinfo=Y&SUPD_SRS=RU&SUPD_CMP=N
2020-01-26 15:00:14 -  - exec CUpdateClientPartner::GetHTTPPage
2020-01-26 15:00:14 -  - TIME GetUpdatesList(request) 0.303 sec
2020-01-26 15:00:15 -  - exec CUpdateClientPartner::ParseServerData
2020-01-26 15:00:15 -  - exec CUpdateClientPartner::__CollectRequestData
2020-01-26 15:00:15 -  - exec CUpdateClientPartner::GetHTTPPage
2020-01-26 15:00:15 -  - exec CUpdateClientPartner::ParseServerData
